2020-03-27 18:37:56,105 - root - INFO - 开始爬https://dynamic1.scrape.cuiqingcai.com/api/movie/?limit=10&offset=0
2020-03-27 18:37:56,116 - root - INFO - 开始爬https://dynamic1.scrape.cuiqingcai.com/api/movie/?limit=10&offset=10
2020-03-27 18:37:56,118 - root - INFO - 开始爬https://dynamic1.scrape.cuiqingcai.com/api/movie/?limit=10&offset=20
2020-03-27 18:37:56,119 - root - INFO - 开始爬https://dynamic1.scrape.cuiqingcai.com/api/movie/?limit=10&offset=30
2020-03-27 18:37:56,120 - root - INFO - 开始爬https://dynamic1.scrape.cuiqingcai.com/api/movie/?limit=10&offset=40
2020-03-27 18:37:56,121 - root - INFO - 开始爬https://dynamic1.scrape.cuiqingcai.com/api/movie/?limit=10&offset=50
2020-03-27 18:37:56,123 - root - INFO - 开始爬https://dynamic1.scrape.cuiqingcai.com/api/movie/?limit=10&offset=60
2020-03-27 18:37:56,124 - root - INFO - 开始爬https://dynamic1.scrape.cuiqingcai.com/api/movie/?limit=10&offset=70
2020-03-27 18:37:56,125 - root - INFO - 开始爬https://dynamic1.scrape.cuiqingcai.com/api/movie/?limit=10&offset=80
2020-03-27 18:37:56,127 - root - INFO - 开始爬https://dynamic1.scrape.cuiqingcai.com/api/movie/?limit=10&offset=90
2020-03-27 18:37:56,363 - root - INFO - 成功爬https://dynamic1.scrape.cuiqingcai.com/api/movie/?limit=10&offset=40
2020-03-27 18:37:56,366 - root - INFO - 成功解析接口数据https://dynamic1.scrape.cuiqingcai.com/api/movie/?limit=10&offset=40
2020-03-27 18:37:56,391 - root - INFO - 成功爬https://dynamic1.scrape.cuiqingcai.com/api/movie/?limit=10&offset=30
2020-03-27 18:37:56,394 - root - INFO - 成功解析接口数据https://dynamic1.scrape.cuiqingcai.com/api/movie/?limit=10&offset=30
2020-03-27 18:37:56,467 - root - INFO - 成功爬https://dynamic1.scrape.cuiqingcai.com/api/movie/?limit=10&offset=60
2020-03-27 18:37:56,470 - root - INFO - 成功解析接口数据https://dynamic1.scrape.cuiqingcai.com/api/movie/?limit=10&offset=60
2020-03-27 18:37:56,571 - root - INFO - 成功爬https://dynamic1.scrape.cuiqingcai.com/api/movie/?limit=10&offset=10
2020-03-27 18:37:56,575 - root - INFO - 成功解析接口数据https://dynamic1.scrape.cuiqingcai.com/api/movie/?limit=10&offset=10
2020-03-27 18:37:56,670 - root - INFO - 成功爬https://dynamic1.scrape.cuiqingcai.com/api/movie/?limit=10&offset=90
2020-03-27 18:37:56,673 - root - INFO - 成功解析接口数据https://dynamic1.scrape.cuiqingcai.com/api/movie/?limit=10&offset=90
2020-03-27 18:37:56,773 - root - INFO - 成功爬https://dynamic1.scrape.cuiqingcai.com/api/movie/?limit=10&offset=50
2020-03-27 18:37:56,776 - root - INFO - 成功解析接口数据https://dynamic1.scrape.cuiqingcai.com/api/movie/?limit=10&offset=50
2020-03-27 18:37:56,875 - root - INFO - 成功爬https://dynamic1.scrape.cuiqingcai.com/api/movie/?limit=10&offset=70
2020-03-27 18:37:56,878 - root - INFO - 成功解析接口数据https://dynamic1.scrape.cuiqingcai.com/api/movie/?limit=10&offset=70
2020-03-27 18:37:56,971 - root - INFO - 成功爬https://dynamic1.scrape.cuiqingcai.com/api/movie/?limit=10&offset=80
2020-03-27 18:37:56,974 - root - INFO - 成功解析接口数据https://dynamic1.scrape.cuiqingcai.com/api/movie/?limit=10&offset=80
2020-03-27 18:37:57,080 - root - INFO - 成功爬https://dynamic1.scrape.cuiqingcai.com/api/movie/?limit=10&offset=0
2020-03-27 18:37:57,084 - root - INFO - 成功解析接口数据https://dynamic1.scrape.cuiqingcai.com/api/movie/?limit=10&offset=0
2020-03-27 18:37:57,087 - root - INFO - 成功爬https://dynamic1.scrape.cuiqingcai.com/api/movie/?limit=10&offset=20
2020-03-27 18:37:57,090 - root - INFO - 成功解析接口数据https://dynamic1.scrape.cuiqingcai.com/api/movie/?limit=10&offset=20
2020-03-27 18:37:57,093 - root - INFO - 开始爬https://dynamic1.scrape.cuiqingcai.com/api/movie/1
2020-03-27 18:37:57,096 - root - INFO - 开始爬https://dynamic1.scrape.cuiqingcai.com/api/movie/2
2020-03-27 18:37:57,099 - root - INFO - 开始爬https://dynamic1.scrape.cuiqingcai.com/api/movie/3
2020-03-27 18:37:57,103 - root - INFO - 开始爬https://dynamic1.scrape.cuiqingcai.com/api/movie/4
2020-03-27 18:37:57,106 - root - INFO - 开始爬https://dynamic1.scrape.cuiqingcai.com/api/movie/5
2020-03-27 18:37:57,113 - root - INFO - 开始爬https://dynamic1.scrape.cuiqingcai.com/api/movie/6
2020-03-27 18:37:57,117 - root - INFO - 开始爬https://dynamic1.scrape.cuiqingcai.com/api/movie/7
2020-03-27 18:37:57,120 - root - INFO - 开始爬https://dynamic1.scrape.cuiqingcai.com/api/movie/8
2020-03-27 18:37:57,122 - root - INFO - 开始爬https://dynamic1.scrape.cuiqingcai.com/api/movie/9
2020-03-27 18:37:57,124 - root - INFO - 开始爬https://dynamic1.scrape.cuiqingcai.com/api/movie/10
2020-03-27 18:37:57,126 - root - INFO - 开始爬https://dynamic1.scrape.cuiqingcai.com/api/movie/11
2020-03-27 18:37:57,128 - root - INFO - 开始爬https://dynamic1.scrape.cuiqingcai.com/api/movie/12
2020-03-27 18:37:57,130 - root - INFO - 开始爬https://dynamic1.scrape.cuiqingcai.com/api/movie/13
2020-03-27 18:37:57,131 - root - INFO - 开始爬https://dynamic1.scrape.cuiqingcai.com/api/movie/14
2020-03-27 18:37:57,136 - root - INFO - 开始爬https://dynamic1.scrape.cuiqingcai.com/api/movie/15
2020-03-27 18:37:57,140 - root - INFO - 开始爬https://dynamic1.scrape.cuiqingcai.com/api/movie/16
2020-03-27 18:37:57,142 - root - INFO - 开始爬https://dynamic1.scrape.cuiqingcai.com/api/movie/17
2020-03-27 18:37:57,144 - root - INFO - 开始爬https://dynamic1.scrape.cuiqingcai.com/api/movie/18
2020-03-27 18:37:57,146 - root - INFO - 开始爬https://dynamic1.scrape.cuiqingcai.com/api/movie/19
2020-03-27 18:37:57,148 - root - INFO - 开始爬https://dynamic1.scrape.cuiqingcai.com/api/movie/20
2020-03-27 18:37:57,149 - root - INFO - 开始爬https://dynamic1.scrape.cuiqingcai.com/api/movie/21
2020-03-27 18:37:57,151 - root - INFO - 开始爬https://dynamic1.scrape.cuiqingcai.com/api/movie/22
2020-03-27 18:37:57,153 - root - INFO - 开始爬https://dynamic1.scrape.cuiqingcai.com/api/movie/23
2020-03-27 18:37:57,155 - root - INFO - 开始爬https://dynamic1.scrape.cuiqingcai.com/api/movie/24
2020-03-27 18:37:57,156 - root - INFO - 开始爬https://dynamic1.scrape.cuiqingcai.com/api/movie/36
2020-03-27 18:37:57,158 - root - INFO - 开始爬https://dynamic1.scrape.cuiqingcai.com/api/movie/25
2020-03-27 18:37:57,160 - root - INFO - 开始爬https://dynamic1.scrape.cuiqingcai.com/api/movie/26
2020-03-27 18:37:57,161 - root - INFO - 开始爬https://dynamic1.scrape.cuiqingcai.com/api/movie/27
2020-03-27 18:37:57,163 - root - INFO - 开始爬https://dynamic1.scrape.cuiqingcai.com/api/movie/28
2020-03-27 18:37:57,165 - root - INFO - 开始爬https://dynamic1.scrape.cuiqingcai.com/api/movie/29
2020-03-27 18:37:57,680 - root - INFO - 成功爬https://dynamic1.scrape.cuiqingcai.com/api/movie/25
2020-03-27 18:37:57,684 - root - INFO - 成功解析接口数据https://dynamic1.scrape.cuiqingcai.com/api/movie/25
2020-03-27 18:37:57,690 - root - INFO - 成功爬https://dynamic1.scrape.cuiqingcai.com/api/movie/18
2020-03-27 18:37:57,693 - root - INFO - 成功解析接口数据https://dynamic1.scrape.cuiqingcai.com/api/movie/18
2020-03-27 18:37:57,873 - root - INFO - 成功爬https://dynamic1.scrape.cuiqingcai.com/api/movie/19
2020-03-27 18:37:57,880 - root - INFO - 成功爬https://dynamic1.scrape.cuiqingcai.com/api/movie/17
2020-03-27 18:37:57,886 - root - INFO - 成功解析接口数据https://dynamic1.scrape.cuiqingcai.com/api/movie/17
2020-03-27 18:37:57,913 - root - INFO - 成功解析接口数据https://dynamic1.scrape.cuiqingcai.com/api/movie/19
2020-03-27 18:37:57,972 - root - INFO - 成功爬https://dynamic1.scrape.cuiqingcai.com/api/movie/16
2020-03-27 18:37:57,977 - root - INFO - 成功解析接口数据https://dynamic1.scrape.cuiqingcai.com/api/movie/16
2020-03-27 18:37:57,981 - root - INFO - 成功爬https://dynamic1.scrape.cuiqingcai.com/api/movie/6
2020-03-27 18:37:58,066 - root - INFO - 成功解析接口数据https://dynamic1.scrape.cuiqingcai.com/api/movie/6
2020-03-27 18:37:58,081 - root - INFO - 成功爬https://dynamic1.scrape.cuiqingcai.com/api/movie/36
2020-03-27 18:37:58,086 - root - INFO - 成功爬https://dynamic1.scrape.cuiqingcai.com/api/movie/26
2020-03-27 18:37:58,091 - root - INFO - 成功解析接口数据https://dynamic1.scrape.cuiqingcai.com/api/movie/36
2020-03-27 18:37:58,167 - root - INFO - 成功解析接口数据https://dynamic1.scrape.cuiqingcai.com/api/movie/26
2020-03-27 18:37:58,270 - root - INFO - 成功爬https://dynamic1.scrape.cuiqingcai.com/api/movie/28
2020-03-27 18:37:58,275 - root - INFO - 成功解析接口数据https://dynamic1.scrape.cuiqingcai.com/api/movie/28
2020-03-27 18:37:58,368 - root - INFO - 成功爬https://dynamic1.scrape.cuiqingcai.com/api/movie/4
2020-03-27 18:37:58,378 - root - INFO - 成功爬https://dynamic1.scrape.cuiqingcai.com/api/movie/2
2020-03-27 18:37:58,413 - root - INFO - 成功解析接口数据https://dynamic1.scrape.cuiqingcai.com/api/movie/4
2020-03-27 18:37:58,418 - root - INFO - 成功解析接口数据https://dynamic1.scrape.cuiqingcai.com/api/movie/2
2020-03-27 18:37:58,474 - root - INFO - 成功爬https://dynamic1.scrape.cuiqingcai.com/api/movie/21
2020-03-27 18:37:58,478 - root - INFO - 成功解析接口数据https://dynamic1.scrape.cuiqingcai.com/api/movie/21
2020-03-27 18:37:58,567 - root - INFO - 成功爬https://dynamic1.scrape.cuiqingcai.com/api/movie/13
2020-03-27 18:37:58,572 - root - INFO - 成功解析接口数据https://dynamic1.scrape.cuiqingcai.com/api/movie/13
2020-03-27 18:37:58,576 - root - INFO - 成功爬https://dynamic1.scrape.cuiqingcai.com/api/movie/9
2020-03-27 18:37:58,579 - root - INFO - 成功解析接口数据https://dynamic1.scrape.cuiqingcai.com/api/movie/9
2020-03-27 18:37:58,589 - root - INFO - 成功爬https://dynamic1.scrape.cuiqingcai.com/api/movie/1
2020-03-27 18:37:58,632 - root - INFO - 成功解析接口数据https://dynamic1.scrape.cuiqingcai.com/api/movie/1
2020-03-27 18:37:58,673 - root - INFO - 成功爬https://dynamic1.scrape.cuiqingcai.com/api/movie/23
2020-03-27 18:37:58,676 - root - INFO - 成功解析接口数据https://dynamic1.scrape.cuiqingcai.com/api/movie/23
2020-03-27 18:37:58,771 - root - INFO - 成功爬https://dynamic1.scrape.cuiqingcai.com/api/movie/10
2020-03-27 18:37:58,775 - root - INFO - 成功解析接口数据https://dynamic1.scrape.cuiqingcai.com/api/movie/10
2020-03-27 18:37:58,875 - root - INFO - 成功爬https://dynamic1.scrape.cuiqingcai.com/api/movie/7
2020-03-27 18:37:58,967 - root - INFO - 成功爬https://dynamic1.scrape.cuiqingcai.com/api/movie/20
2020-03-27 18:37:58,973 - root - INFO - 成功解析接口数据https://dynamic1.scrape.cuiqingcai.com/api/movie/20
2020-03-27 18:37:58,984 - root - INFO - 成功爬https://dynamic1.scrape.cuiqingcai.com/api/movie/11
2020-03-27 18:37:59,012 - root - INFO - 成功解析接口数据https://dynamic1.scrape.cuiqingcai.com/api/movie/7
2020-03-27 18:37:59,026 - root - INFO - 成功解析接口数据https://dynamic1.scrape.cuiqingcai.com/api/movie/11
2020-03-27 18:37:59,066 - root - INFO - 成功爬https://dynamic1.scrape.cuiqingcai.com/api/movie/3
2020-03-27 18:37:59,071 - root - INFO - 成功解析接口数据https://dynamic1.scrape.cuiqingcai.com/api/movie/3
2020-03-27 18:37:59,177 - root - INFO - 成功爬https://dynamic1.scrape.cuiqingcai.com/api/movie/24
2020-03-27 18:37:59,183 - root - INFO - 成功爬https://dynamic1.scrape.cuiqingcai.com/api/movie/22
2020-03-27 18:37:59,186 - root - INFO - 成功解析接口数据https://dynamic1.scrape.cuiqingcai.com/api/movie/22
2020-03-27 18:37:59,210 - root - INFO - 成功爬https://dynamic1.scrape.cuiqingcai.com/api/movie/8
2020-03-27 18:37:59,213 - root - INFO - 成功解析接口数据https://dynamic1.scrape.cuiqingcai.com/api/movie/8
2020-03-27 18:37:59,221 - root - INFO - 成功解析接口数据https://dynamic1.scrape.cuiqingcai.com/api/movie/24
2020-03-27 18:37:59,280 - root - INFO - 成功爬https://dynamic1.scrape.cuiqingcai.com/api/movie/14
2020-03-27 18:37:59,285 - root - INFO - 成功解析接口数据https://dynamic1.scrape.cuiqingcai.com/api/movie/14
2020-03-27 18:37:59,368 - root - INFO - 成功爬https://dynamic1.scrape.cuiqingcai.com/api/movie/12
2020-03-27 18:37:59,417 - root - INFO - 成功解析接口数据https://dynamic1.scrape.cuiqingcai.com/api/movie/12
2020-03-27 18:37:59,465 - root - INFO - 成功爬https://dynamic1.scrape.cuiqingcai.com/api/movie/29
2020-03-27 18:37:59,469 - root - INFO - 成功解析接口数据https://dynamic1.scrape.cuiqingcai.com/api/movie/29
2020-03-27 18:37:59,473 - root - INFO - 成功爬https://dynamic1.scrape.cuiqingcai.com/api/movie/5
2020-03-27 18:37:59,518 - root - INFO - 成功解析接口数据https://dynamic1.scrape.cuiqingcai.com/api/movie/5
2020-03-27 18:37:59,574 - root - INFO - 成功爬https://dynamic1.scrape.cuiqingcai.com/api/movie/27
2020-03-27 18:37:59,580 - root - INFO - 成功解析接口数据https://dynamic1.scrape.cuiqingcai.com/api/movie/27
2020-03-27 18:37:59,667 - root - INFO - 成功爬https://dynamic1.scrape.cuiqingcai.com/api/movie/15
2020-03-27 18:37:59,672 - root - INFO - 成功解析接口数据https://dynamic1.scrape.cuiqingcai.com/api/movie/15
2020-03-27 18:37:59,689 - root - INFO - 全部摘要信息写入
2020-03-27 18:37:59,695 - root - INFO - 霸王别姬详情成功写入
2020-03-27 18:37:59,700 - root - INFO - 这个杀手不太冷详情成功写入
2020-03-27 18:37:59,704 - root - INFO - 肖申克的救赎详情成功写入
2020-03-27 18:37:59,709 - root - INFO - 泰坦尼克号详情成功写入
2020-03-27 18:37:59,714 - root - INFO - 罗马假日详情成功写入
2020-03-27 18:37:59,717 - root - INFO - 唐伯虎点秋香详情成功写入
2020-03-27 18:37:59,724 - root - INFO - 乱世佳人详情成功写入
2020-03-27 18:37:59,727 - root - INFO - 喜剧之王详情成功写入
2020-03-27 18:37:59,731 - root - INFO - 楚门的世界详情成功写入
2020-03-27 18:37:59,733 - root - INFO - 狮子王详情成功写入
2020-03-27 18:37:59,736 - root - INFO - V字仇杀队详情成功写入
2020-03-27 18:37:59,740 - root - INFO - 少年派的奇幻漂流详情成功写入
2020-03-27 18:37:59,743 - root - INFO - 美丽心灵详情成功写入
2020-03-27 18:37:59,745 - root - INFO - 初恋这件小事详情成功写入
2020-03-27 18:37:59,747 - root - INFO - 借东西的小人阿莉埃蒂详情成功写入
2020-03-27 18:37:59,750 - root - INFO - 一一详情成功写入
2020-03-27 18:37:59,752 - root - INFO - 美丽人生详情成功写入
2020-03-27 18:37:59,755 - root - INFO - 海上钢琴师详情成功写入
2020-03-27 18:37:59,758 - root - INFO - 千与千寻详情成功写入
2020-03-27 18:37:59,759 - root - INFO - 迁徙的鸟详情成功写入
2020-03-27 18:37:59,761 - root - INFO - 黄金三镖客详情成功写入
2020-03-27 18:37:59,764 - root - INFO - 海洋详情成功写入
2020-03-27 18:37:59,766 - root - INFO - 我爱你详情成功写入
2020-03-27 18:37:59,768 - root - INFO - 阿飞正传详情成功写入
2020-03-27 18:37:59,770 - root - INFO - 7号房的礼物详情成功写入
2020-03-27 18:37:59,772 - root - INFO - 爱・回家详情成功写入
2020-03-27 18:37:59,775 - root - INFO - 龙猫详情成功写入
2020-03-27 18:37:59,779 - root - INFO - 七武士详情成功写入
2020-03-27 18:37:59,781 - root - INFO - 美国往事详情成功写入
2020-03-27 18:37:59,784 - root - INFO - 完美的世界详情成功写入
