2020-03-27 12:11:56,140 - INFO: https://static1.scrape.cuiqingcai.com/开始爬取页面网页
2020-03-27 12:11:56,458 - INFO: https://static1.scrape.cuiqingcai.com/page/2开始爬取页面网页
2020-03-27 12:11:56,459 - INFO: https://static1.scrape.cuiqingcai.com/page/3开始爬取页面网页
2020-03-27 12:11:56,460 - INFO: https://static1.scrape.cuiqingcai.com/page/4开始爬取页面网页
2020-03-27 12:11:56,460 - INFO: https://static1.scrape.cuiqingcai.com/page/5开始爬取页面网页
2020-03-27 12:11:56,461 - INFO: https://static1.scrape.cuiqingcai.com/page/6开始爬取页面网页
2020-03-27 12:11:56,461 - INFO: https://static1.scrape.cuiqingcai.com/page/7开始爬取页面网页
2020-03-27 12:11:56,841 - INFO: https://static1.scrape.cuiqingcai.com/page/2成功获取页面网页源代码
2020-03-27 12:11:56,845 - INFO: https://static1.scrape.cuiqingcai.com/detail/11开始爬取详情页面
2020-03-27 12:11:56,846 - INFO: https://static1.scrape.cuiqingcai.com/detail/12开始爬取详情页面
2020-03-27 12:11:56,847 - INFO: https://static1.scrape.cuiqingcai.com/detail/13开始爬取详情页面
2020-03-27 12:11:56,847 - INFO: https://static1.scrape.cuiqingcai.com/detail/14开始爬取详情页面
2020-03-27 12:11:56,848 - INFO: https://static1.scrape.cuiqingcai.com/detail/15开始爬取详情页面
2020-03-27 12:11:56,849 - INFO: https://static1.scrape.cuiqingcai.com/detail/16开始爬取详情页面
2020-03-27 12:11:56,849 - INFO: https://static1.scrape.cuiqingcai.com/detail/17开始爬取详情页面
2020-03-27 12:11:56,850 - INFO: https://static1.scrape.cuiqingcai.com/detail/18开始爬取详情页面
2020-03-27 12:11:56,850 - INFO: https://static1.scrape.cuiqingcai.com/detail/19开始爬取详情页面
2020-03-27 12:11:56,851 - INFO: https://static1.scrape.cuiqingcai.com/detail/20开始爬取详情页面
2020-03-27 12:11:56,941 - INFO: https://static1.scrape.cuiqingcai.com/page/6成功获取页面网页源代码
2020-03-27 12:11:56,947 - INFO: https://static1.scrape.cuiqingcai.com/detail/51开始爬取详情页面
2020-03-27 12:11:56,948 - INFO: https://static1.scrape.cuiqingcai.com/detail/52开始爬取详情页面
2020-03-27 12:11:56,949 - INFO: https://static1.scrape.cuiqingcai.com/detail/53开始爬取详情页面
2020-03-27 12:11:56,950 - INFO: https://static1.scrape.cuiqingcai.com/detail/54开始爬取详情页面
2020-03-27 12:11:56,951 - INFO: https://static1.scrape.cuiqingcai.com/detail/55开始爬取详情页面
2020-03-27 12:11:56,951 - INFO: https://static1.scrape.cuiqingcai.com/detail/56开始爬取详情页面
2020-03-27 12:11:56,952 - INFO: https://static1.scrape.cuiqingcai.com/detail/57开始爬取详情页面
2020-03-27 12:11:56,953 - INFO: https://static1.scrape.cuiqingcai.com/detail/58开始爬取详情页面
2020-03-27 12:11:56,954 - INFO: https://static1.scrape.cuiqingcai.com/detail/59开始爬取详情页面
2020-03-27 12:11:56,955 - INFO: https://static1.scrape.cuiqingcai.com/detail/60开始爬取详情页面
2020-03-27 12:11:57,133 - INFO: https://static1.scrape.cuiqingcai.com/成功获取页面网页源代码
2020-03-27 12:11:57,137 - INFO: https://static1.scrape.cuiqingcai.com/detail/1开始爬取详情页面
2020-03-27 12:11:57,137 - INFO: https://static1.scrape.cuiqingcai.com/detail/2开始爬取详情页面
2020-03-27 12:11:57,138 - INFO: https://static1.scrape.cuiqingcai.com/detail/3开始爬取详情页面
2020-03-27 12:11:57,139 - INFO: https://static1.scrape.cuiqingcai.com/detail/4开始爬取详情页面
2020-03-27 12:11:57,139 - INFO: https://static1.scrape.cuiqingcai.com/detail/5开始爬取详情页面
2020-03-27 12:11:57,140 - INFO: https://static1.scrape.cuiqingcai.com/detail/6开始爬取详情页面
2020-03-27 12:11:57,140 - INFO: https://static1.scrape.cuiqingcai.com/detail/7开始爬取详情页面
2020-03-27 12:11:57,141 - INFO: https://static1.scrape.cuiqingcai.com/detail/8开始爬取详情页面
2020-03-27 12:11:57,142 - INFO: https://static1.scrape.cuiqingcai.com/detail/9开始爬取详情页面
2020-03-27 12:11:57,142 - INFO: https://static1.scrape.cuiqingcai.com/detail/10开始爬取详情页面
2020-03-27 12:11:57,147 - INFO: https://static1.scrape.cuiqingcai.com/page/3成功获取页面网页源代码
2020-03-27 12:11:57,153 - INFO: https://static1.scrape.cuiqingcai.com/detail/21开始爬取详情页面
2020-03-27 12:11:57,154 - INFO: https://static1.scrape.cuiqingcai.com/detail/22开始爬取详情页面
2020-03-27 12:11:57,156 - INFO: https://static1.scrape.cuiqingcai.com/detail/23开始爬取详情页面
2020-03-27 12:11:57,157 - INFO: https://static1.scrape.cuiqingcai.com/detail/24开始爬取详情页面
2020-03-27 12:11:57,158 - INFO: https://static1.scrape.cuiqingcai.com/detail/36开始爬取详情页面
2020-03-27 12:11:57,159 - INFO: https://static1.scrape.cuiqingcai.com/detail/25开始爬取详情页面
2020-03-27 12:11:57,160 - INFO: https://static1.scrape.cuiqingcai.com/detail/26开始爬取详情页面
2020-03-27 12:11:57,161 - INFO: https://static1.scrape.cuiqingcai.com/detail/27开始爬取详情页面
2020-03-27 12:11:57,161 - INFO: https://static1.scrape.cuiqingcai.com/detail/28开始爬取详情页面
2020-03-27 12:11:57,162 - INFO: https://static1.scrape.cuiqingcai.com/detail/29开始爬取详情页面
2020-03-27 12:11:57,340 - INFO: https://static1.scrape.cuiqingcai.com/page/5成功获取页面网页源代码
2020-03-27 12:11:57,344 - INFO: https://static1.scrape.cuiqingcai.com/detail/41开始爬取详情页面
2020-03-27 12:11:57,345 - INFO: https://static1.scrape.cuiqingcai.com/detail/42开始爬取详情页面
2020-03-27 12:11:57,345 - INFO: https://static1.scrape.cuiqingcai.com/detail/43开始爬取详情页面
2020-03-27 12:11:57,346 - INFO: https://static1.scrape.cuiqingcai.com/detail/44开始爬取详情页面
2020-03-27 12:11:57,347 - INFO: https://static1.scrape.cuiqingcai.com/detail/45开始爬取详情页面
2020-03-27 12:11:57,347 - INFO: https://static1.scrape.cuiqingcai.com/detail/46开始爬取详情页面
2020-03-27 12:11:57,348 - INFO: https://static1.scrape.cuiqingcai.com/detail/47开始爬取详情页面
2020-03-27 12:11:57,348 - INFO: https://static1.scrape.cuiqingcai.com/detail/48开始爬取详情页面
2020-03-27 12:11:57,349 - INFO: https://static1.scrape.cuiqingcai.com/detail/49开始爬取详情页面
2020-03-27 12:11:57,350 - INFO: https://static1.scrape.cuiqingcai.com/detail/50开始爬取详情页面
2020-03-27 12:11:57,446 - INFO: https://static1.scrape.cuiqingcai.com/page/4成功获取页面网页源代码
2020-03-27 12:11:57,452 - INFO: https://static1.scrape.cuiqingcai.com/detail/30开始爬取详情页面
2020-03-27 12:11:57,453 - INFO: https://static1.scrape.cuiqingcai.com/detail/31开始爬取详情页面
2020-03-27 12:11:57,454 - INFO: https://static1.scrape.cuiqingcai.com/detail/32开始爬取详情页面
2020-03-27 12:11:57,454 - INFO: https://static1.scrape.cuiqingcai.com/detail/33开始爬取详情页面
2020-03-27 12:11:57,455 - INFO: https://static1.scrape.cuiqingcai.com/detail/34开始爬取详情页面
2020-03-27 12:11:57,456 - INFO: https://static1.scrape.cuiqingcai.com/detail/35开始爬取详情页面
2020-03-27 12:11:57,456 - INFO: https://static1.scrape.cuiqingcai.com/detail/37开始爬取详情页面
2020-03-27 12:11:57,457 - INFO: https://static1.scrape.cuiqingcai.com/detail/38开始爬取详情页面
2020-03-27 12:11:57,457 - INFO: https://static1.scrape.cuiqingcai.com/detail/39开始爬取详情页面
2020-03-27 12:11:57,458 - INFO: https://static1.scrape.cuiqingcai.com/detail/40开始爬取详情页面
2020-03-27 12:11:57,552 - INFO: https://static1.scrape.cuiqingcai.com/page/7成功获取页面网页源代码
2020-03-27 12:11:57,556 - INFO: https://static1.scrape.cuiqingcai.com/detail/61开始爬取详情页面
2020-03-27 12:11:57,557 - INFO: https://static1.scrape.cuiqingcai.com/detail/62开始爬取详情页面
2020-03-27 12:11:57,557 - INFO: https://static1.scrape.cuiqingcai.com/detail/63开始爬取详情页面
2020-03-27 12:11:57,558 - INFO: https://static1.scrape.cuiqingcai.com/detail/64开始爬取详情页面
2020-03-27 12:11:57,558 - INFO: https://static1.scrape.cuiqingcai.com/detail/65开始爬取详情页面
2020-03-27 12:11:57,559 - INFO: https://static1.scrape.cuiqingcai.com/detail/66开始爬取详情页面
2020-03-27 12:11:57,560 - INFO: https://static1.scrape.cuiqingcai.com/detail/67开始爬取详情页面
2020-03-27 12:11:57,560 - INFO: https://static1.scrape.cuiqingcai.com/detail/68开始爬取详情页面
2020-03-27 12:11:57,561 - INFO: https://static1.scrape.cuiqingcai.com/detail/69开始爬取详情页面
2020-03-27 12:11:57,562 - INFO: https://static1.scrape.cuiqingcai.com/detail/70开始爬取详情页面
2020-03-27 12:11:57,728 - INFO: https://static1.scrape.cuiqingcai.com/detail/18成功获取详情源代码
2020-03-27 12:11:57,741 - INFO: https://static1.scrape.cuiqingcai.com/detail/18详情存入字典
2020-03-27 12:11:57,837 - INFO: https://static1.scrape.cuiqingcai.com/detail/11成功获取详情源代码
2020-03-27 12:11:57,855 - INFO: https://static1.scrape.cuiqingcai.com/detail/11详情存入字典
2020-03-27 12:11:57,943 - INFO: https://static1.scrape.cuiqingcai.com/detail/17成功获取详情源代码
2020-03-27 12:11:57,961 - INFO: https://static1.scrape.cuiqingcai.com/detail/17详情存入字典
2020-03-27 12:11:58,554 - INFO: https://static1.scrape.cuiqingcai.com/detail/14成功获取详情源代码
2020-03-27 12:11:58,563 - INFO: https://static1.scrape.cuiqingcai.com/detail/14详情存入字典
2020-03-27 12:11:58,588 - INFO: https://static1.scrape.cuiqingcai.com/detail/16成功获取详情源代码
2020-03-27 12:11:58,597 - INFO: https://static1.scrape.cuiqingcai.com/detail/16详情存入字典
2020-03-27 12:11:58,600 - INFO: https://static1.scrape.cuiqingcai.com/detail/19成功获取详情源代码
2020-03-27 12:11:58,637 - INFO: https://static1.scrape.cuiqingcai.com/detail/19详情存入字典
2020-03-27 12:11:58,650 - INFO: https://static1.scrape.cuiqingcai.com/detail/15成功获取详情源代码
2020-03-27 12:11:58,666 - INFO: https://static1.scrape.cuiqingcai.com/detail/15详情存入字典
2020-03-27 12:11:58,735 - INFO: https://static1.scrape.cuiqingcai.com/detail/20成功获取详情源代码
2020-03-27 12:11:58,739 - INFO: https://static1.scrape.cuiqingcai.com/detail/20详情存入字典
2020-03-27 12:11:58,792 - INFO: https://static1.scrape.cuiqingcai.com/detail/12成功获取详情源代码
2020-03-27 12:11:58,815 - INFO: https://static1.scrape.cuiqingcai.com/detail/12详情存入字典
2020-03-27 12:11:59,033 - INFO: https://static1.scrape.cuiqingcai.com/detail/58成功获取详情源代码
2020-03-27 12:11:59,053 - INFO: https://static1.scrape.cuiqingcai.com/detail/58详情存入字典
2020-03-27 12:11:59,057 - INFO: https://static1.scrape.cuiqingcai.com/detail/13成功获取详情源代码
2020-03-27 12:11:59,073 - INFO: https://static1.scrape.cuiqingcai.com/detail/13详情存入字典
2020-03-27 12:11:59,329 - INFO: https://static1.scrape.cuiqingcai.com/detail/56成功获取详情源代码
2020-03-27 12:11:59,344 - INFO: https://static1.scrape.cuiqingcai.com/detail/56详情存入字典
2020-03-27 12:11:59,436 - INFO: https://static1.scrape.cuiqingcai.com/detail/57成功获取详情源代码
2020-03-27 12:11:59,449 - INFO: https://static1.scrape.cuiqingcai.com/detail/57详情存入字典
2020-03-27 12:11:59,737 - INFO: https://static1.scrape.cuiqingcai.com/detail/59成功获取详情源代码
2020-03-27 12:11:59,746 - INFO: https://static1.scrape.cuiqingcai.com/detail/59详情存入字典
2020-03-27 12:11:59,899 - INFO: https://static1.scrape.cuiqingcai.com/detail/51成功获取详情源代码
2020-03-27 12:11:59,955 - INFO: https://static1.scrape.cuiqingcai.com/detail/51详情存入字典
2020-03-27 12:12:00,134 - INFO: https://static1.scrape.cuiqingcai.com/detail/55成功获取详情源代码
2020-03-27 12:12:00,154 - INFO: https://static1.scrape.cuiqingcai.com/detail/55详情存入字典
2020-03-27 12:12:00,395 - INFO: https://static1.scrape.cuiqingcai.com/detail/52成功获取详情源代码
2020-03-27 12:12:00,404 - INFO: https://static1.scrape.cuiqingcai.com/detail/52详情存入字典
2020-03-27 12:12:00,538 - INFO: https://static1.scrape.cuiqingcai.com/detail/54成功获取详情源代码
2020-03-27 12:12:00,545 - INFO: https://static1.scrape.cuiqingcai.com/detail/54详情存入字典
2020-03-27 12:12:00,744 - INFO: https://static1.scrape.cuiqingcai.com/detail/60成功获取详情源代码
2020-03-27 12:12:00,757 - INFO: https://static1.scrape.cuiqingcai.com/detail/60详情存入字典
2020-03-27 12:12:01,096 - INFO: https://static1.scrape.cuiqingcai.com/detail/10成功获取详情源代码
2020-03-27 12:12:01,105 - INFO: https://static1.scrape.cuiqingcai.com/detail/10详情存入字典
2020-03-27 12:12:01,116 - INFO: https://static1.scrape.cuiqingcai.com/detail/53成功获取详情源代码
2020-03-27 12:12:01,207 - INFO: https://static1.scrape.cuiqingcai.com/detail/53详情存入字典
2020-03-27 12:12:01,211 - INFO: https://static1.scrape.cuiqingcai.com/detail/3成功获取详情源代码
2020-03-27 12:12:01,224 - INFO: https://static1.scrape.cuiqingcai.com/detail/3详情存入字典
2020-03-27 12:12:01,333 - INFO: https://static1.scrape.cuiqingcai.com/detail/21成功获取详情源代码
2020-03-27 12:12:01,340 - INFO: https://static1.scrape.cuiqingcai.com/detail/21详情存入字典
2020-03-27 12:12:01,431 - INFO: https://static1.scrape.cuiqingcai.com/detail/27成功获取详情源代码
2020-03-27 12:12:01,449 - INFO: https://static1.scrape.cuiqingcai.com/detail/27详情存入字典
2020-03-27 12:12:01,632 - INFO: https://static1.scrape.cuiqingcai.com/detail/6成功获取详情源代码
2020-03-27 12:12:01,654 - INFO: https://static1.scrape.cuiqingcai.com/detail/6详情存入字典
2020-03-27 12:12:01,732 - INFO: https://static1.scrape.cuiqingcai.com/detail/8成功获取详情源代码
2020-03-27 12:12:01,740 - INFO: https://static1.scrape.cuiqingcai.com/detail/8详情存入字典
2020-03-27 12:12:02,034 - INFO: https://static1.scrape.cuiqingcai.com/detail/5成功获取详情源代码
2020-03-27 12:12:02,065 - INFO: https://static1.scrape.cuiqingcai.com/detail/5详情存入字典
2020-03-27 12:12:02,075 - INFO: https://static1.scrape.cuiqingcai.com/detail/1成功获取详情源代码
2020-03-27 12:12:02,120 - INFO: https://static1.scrape.cuiqingcai.com/detail/1详情存入字典
2020-03-27 12:12:02,131 - INFO: https://static1.scrape.cuiqingcai.com/detail/36成功获取详情源代码
2020-03-27 12:12:02,143 - INFO: https://static1.scrape.cuiqingcai.com/detail/36详情存入字典
2020-03-27 12:12:02,237 - INFO: https://static1.scrape.cuiqingcai.com/detail/24成功获取详情源代码
2020-03-27 12:12:02,268 - INFO: https://static1.scrape.cuiqingcai.com/detail/24详情存入字典
2020-03-27 12:12:02,447 - INFO: https://static1.scrape.cuiqingcai.com/detail/2成功获取详情源代码
2020-03-27 12:12:02,477 - INFO: https://static1.scrape.cuiqingcai.com/detail/2详情存入字典
2020-03-27 12:12:02,739 - INFO: https://static1.scrape.cuiqingcai.com/detail/4成功获取详情源代码
2020-03-27 12:12:02,788 - INFO: https://static1.scrape.cuiqingcai.com/detail/4详情存入字典
2020-03-27 12:12:02,836 - INFO: https://static1.scrape.cuiqingcai.com/detail/23成功获取详情源代码
2020-03-27 12:12:02,849 - INFO: https://static1.scrape.cuiqingcai.com/detail/23详情存入字典
2020-03-27 12:12:02,851 - INFO: https://static1.scrape.cuiqingcai.com/detail/25成功获取详情源代码
2020-03-27 12:12:02,861 - INFO: https://static1.scrape.cuiqingcai.com/detail/25详情存入字典
2020-03-27 12:12:03,039 - INFO: https://static1.scrape.cuiqingcai.com/detail/22成功获取详情源代码
2020-03-27 12:12:03,059 - INFO: https://static1.scrape.cuiqingcai.com/detail/22详情存入字典
2020-03-27 12:12:03,139 - INFO: https://static1.scrape.cuiqingcai.com/detail/28成功获取详情源代码
2020-03-27 12:12:03,171 - INFO: https://static1.scrape.cuiqingcai.com/detail/28详情存入字典
2020-03-27 12:12:03,194 - INFO: https://static1.scrape.cuiqingcai.com/detail/9成功获取详情源代码
2020-03-27 12:12:03,213 - INFO: https://static1.scrape.cuiqingcai.com/detail/9详情存入字典
2020-03-27 12:12:03,447 - INFO: https://static1.scrape.cuiqingcai.com/detail/29成功获取详情源代码
2020-03-27 12:12:03,464 - INFO: https://static1.scrape.cuiqingcai.com/detail/29详情存入字典
2020-03-27 12:12:03,539 - INFO: https://static1.scrape.cuiqingcai.com/detail/26成功获取详情源代码
2020-03-27 12:12:03,579 - INFO: https://static1.scrape.cuiqingcai.com/detail/26详情存入字典
2020-03-27 12:12:03,830 - INFO: https://static1.scrape.cuiqingcai.com/detail/50成功获取详情源代码
2020-03-27 12:12:03,844 - INFO: https://static1.scrape.cuiqingcai.com/detail/50详情存入字典
2020-03-27 12:12:03,999 - INFO: https://static1.scrape.cuiqingcai.com/detail/7成功获取详情源代码
2020-03-27 12:12:04,048 - INFO: https://static1.scrape.cuiqingcai.com/detail/7详情存入字典
2020-03-27 12:12:04,051 - INFO: https://static1.scrape.cuiqingcai.com/detail/42成功获取详情源代码
2020-03-27 12:12:04,060 - INFO: https://static1.scrape.cuiqingcai.com/detail/42详情存入字典
2020-03-27 12:12:04,140 - INFO: https://static1.scrape.cuiqingcai.com/detail/43成功获取详情源代码
2020-03-27 12:12:04,146 - INFO: https://static1.scrape.cuiqingcai.com/detail/43详情存入字典
2020-03-27 12:12:04,241 - INFO: https://static1.scrape.cuiqingcai.com/detail/44成功获取详情源代码
2020-03-27 12:12:04,247 - INFO: https://static1.scrape.cuiqingcai.com/detail/44详情存入字典
2020-03-27 12:12:04,335 - INFO: https://static1.scrape.cuiqingcai.com/detail/46成功获取详情源代码
2020-03-27 12:12:04,343 - INFO: https://static1.scrape.cuiqingcai.com/detail/46详情存入字典
2020-03-27 12:12:04,347 - INFO: https://static1.scrape.cuiqingcai.com/detail/48成功获取详情源代码
2020-03-27 12:12:04,360 - INFO: https://static1.scrape.cuiqingcai.com/detail/48详情存入字典
2020-03-27 12:12:04,637 - INFO: https://static1.scrape.cuiqingcai.com/detail/49成功获取详情源代码
2020-03-27 12:12:04,662 - INFO: https://static1.scrape.cuiqingcai.com/detail/49详情存入字典
2020-03-27 12:12:04,738 - INFO: https://static1.scrape.cuiqingcai.com/detail/41成功获取详情源代码
2020-03-27 12:12:04,748 - INFO: https://static1.scrape.cuiqingcai.com/detail/41详情存入字典
2020-03-27 12:12:04,838 - INFO: https://static1.scrape.cuiqingcai.com/detail/47成功获取详情源代码
2020-03-27 12:12:04,848 - INFO: https://static1.scrape.cuiqingcai.com/detail/47详情存入字典
2020-03-27 12:12:04,939 - INFO: https://static1.scrape.cuiqingcai.com/detail/45成功获取详情源代码
2020-03-27 12:12:04,959 - INFO: https://static1.scrape.cuiqingcai.com/detail/45详情存入字典
2020-03-27 12:12:05,248 - INFO: https://static1.scrape.cuiqingcai.com/detail/40成功获取详情源代码
2020-03-27 12:12:05,287 - INFO: https://static1.scrape.cuiqingcai.com/detail/40详情存入字典
2020-03-27 12:12:05,330 - INFO: https://static1.scrape.cuiqingcai.com/detail/30成功获取详情源代码
2020-03-27 12:12:05,358 - INFO: https://static1.scrape.cuiqingcai.com/detail/30详情存入字典
2020-03-27 12:12:05,492 - INFO: https://static1.scrape.cuiqingcai.com/detail/33成功获取详情源代码
2020-03-27 12:12:05,506 - INFO: https://static1.scrape.cuiqingcai.com/detail/33详情存入字典
2020-03-27 12:12:05,591 - INFO: https://static1.scrape.cuiqingcai.com/detail/37成功获取详情源代码
2020-03-27 12:12:05,599 - INFO: https://static1.scrape.cuiqingcai.com/detail/37详情存入字典
2020-03-27 12:12:05,632 - INFO: https://static1.scrape.cuiqingcai.com/detail/31成功获取详情源代码
2020-03-27 12:12:05,642 - INFO: https://static1.scrape.cuiqingcai.com/detail/31详情存入字典
2020-03-27 12:12:05,793 - INFO: https://static1.scrape.cuiqingcai.com/detail/39成功获取详情源代码
2020-03-27 12:12:05,798 - INFO: https://static1.scrape.cuiqingcai.com/detail/39详情存入字典
2020-03-27 12:12:05,835 - INFO: https://static1.scrape.cuiqingcai.com/detail/34成功获取详情源代码
2020-03-27 12:12:05,851 - INFO: https://static1.scrape.cuiqingcai.com/detail/34详情存入字典
2020-03-27 12:12:05,938 - INFO: https://static1.scrape.cuiqingcai.com/detail/32成功获取详情源代码
2020-03-27 12:12:05,942 - INFO: https://static1.scrape.cuiqingcai.com/detail/32详情存入字典
2020-03-27 12:12:06,041 - INFO: https://static1.scrape.cuiqingcai.com/detail/35成功获取详情源代码
2020-03-27 12:12:06,048 - INFO: https://static1.scrape.cuiqingcai.com/detail/35详情存入字典
2020-03-27 12:12:06,238 - INFO: https://static1.scrape.cuiqingcai.com/detail/38成功获取详情源代码
2020-03-27 12:12:06,260 - INFO: https://static1.scrape.cuiqingcai.com/detail/38详情存入字典
2020-03-27 12:12:06,428 - INFO: https://static1.scrape.cuiqingcai.com/detail/65成功获取详情源代码
2020-03-27 12:12:06,441 - INFO: https://static1.scrape.cuiqingcai.com/detail/65详情存入字典
2020-03-27 12:12:06,443 - INFO: https://static1.scrape.cuiqingcai.com/detail/66成功获取详情源代码
2020-03-27 12:12:06,456 - INFO: https://static1.scrape.cuiqingcai.com/detail/66详情存入字典
2020-03-27 12:12:06,529 - INFO: https://static1.scrape.cuiqingcai.com/detail/69成功获取详情源代码
2020-03-27 12:12:06,534 - INFO: https://static1.scrape.cuiqingcai.com/detail/69详情存入字典
2020-03-27 12:12:06,636 - INFO: https://static1.scrape.cuiqingcai.com/detail/67成功获取详情源代码
2020-03-27 12:12:06,650 - INFO: https://static1.scrape.cuiqingcai.com/detail/67详情存入字典
2020-03-27 12:12:06,830 - INFO: https://static1.scrape.cuiqingcai.com/detail/61成功获取详情源代码
2020-03-27 12:12:06,842 - INFO: https://static1.scrape.cuiqingcai.com/detail/61详情存入字典
2020-03-27 12:12:06,844 - INFO: https://static1.scrape.cuiqingcai.com/detail/70成功获取详情源代码
2020-03-27 12:12:06,854 - INFO: https://static1.scrape.cuiqingcai.com/detail/70详情存入字典
2020-03-27 12:12:07,031 - INFO: https://static1.scrape.cuiqingcai.com/detail/68成功获取详情源代码
2020-03-27 12:12:07,052 - INFO: https://static1.scrape.cuiqingcai.com/detail/68详情存入字典
2020-03-27 12:12:07,146 - INFO: https://static1.scrape.cuiqingcai.com/detail/64成功获取详情源代码
2020-03-27 12:12:07,158 - INFO: https://static1.scrape.cuiqingcai.com/detail/64详情存入字典
2020-03-27 12:12:07,340 - INFO: https://static1.scrape.cuiqingcai.com/detail/63成功获取详情源代码
2020-03-27 12:12:07,355 - INFO: https://static1.scrape.cuiqingcai.com/detail/63详情存入字典
2020-03-27 12:12:07,436 - INFO: https://static1.scrape.cuiqingcai.com/detail/62成功获取详情源代码
2020-03-27 12:12:07,448 - INFO: https://static1.scrape.cuiqingcai.com/detail/62详情存入字典
2020-03-27 12:12:07,557 - INFO: 用时11.42秒
